<?xml version="1.0" encoding="UTF-8"?>
<!-- Generated by org.testng.reporters.JUnitXMLReporter -->
<testsuite ignored="0" hostname="DESKTOP-17IPFF2" failures="0" tests="5" name="Default test" time="44.43" errors="0" timestamp="27 Jul 2020 15:46:38 GMT">
  <testcase classname="twistBioScience.driverClass" name="loadCodesIntoHashMap" time="0.017"/>
  <testcase classname="twistBioScience.driverClass" name="convertDNAToAA" time="0.041"/>
  <testcase classname="twistBioScience.driverClass" name="returnUniqueDNASequence" time="0.004"/>
  <testcase classname="twistBioScience.driverClass" name="getUniqueSeq" time="5.61"/>
  <testcase classname="twistBioScience.driverClass" name="writeToExcelTwistDNAResult" time="38.72"/>
</testsuite> <!-- Default test -->
