<?xml version="1.0" encoding="UTF-8"?>
<!-- Generated by org.testng.reporters.JUnitXMLReporter -->
<testsuite ignored="0" hostname="DESKTOP-17IPFF2" failures="0" tests="5" name="Default test" time="1482.572" errors="0" timestamp="23 Jul 2020 18:32:09 GMT">
  <testcase classname="twistBioScience.driverClass" name="loadCodesIntoHashMap" time="0.014"/>
  <testcase classname="twistBioScience.driverClass" name="convertDNAToAA" time="0.054"/>
  <testcase classname="twistBioScience.driverClass" name="returnUniqueDNASequence" time="0.002"/>
  <testcase classname="twistBioScience.driverClass" name="getUniqueSeq" time="0.14"/>
  <testcase classname="twistBioScience.driverClass" name="writeToExcelRate" time="1482.331"/>
</testsuite> <!-- Default test -->
