<?xml version="1.0" encoding="UTF-8"?>
<!-- Generated by org.testng.reporters.JUnitXMLReporter -->
<testsuite ignored="0" hostname="DESKTOP-17IPFF2" failures="0" tests="5" name="Test" time="1.719" errors="0" timestamp="21 Jul 2020 17:14:44 GMT">
  <testcase classname="twistBioScience.driverClass" name="loadCodesIntoHashMap" time="0.012"/>
  <testcase classname="twistBioScience.driverClass" name="convertDNAToAA" time="0.102"/>
  <testcase classname="twistBioScience.driverClass" name="returnUniqueDNASequence" time="0.007"/>
  <testcase classname="twistBioScience.driverClass" name="getUniqueSeq" time="0.021"/>
  <testcase classname="twistBioScience.driverClass" name="writeToExcelRate" time="1.522"/>
</testsuite> <!-- Test -->
