<?xml version="1.0" encoding="UTF-8"?>
<testng-results ignored="0" total="5" passed="5" failed="0" skipped="0">
  <reporter-output>
  </reporter-output>
  <suite started-at="2020-07-23T22:07:21Z" name="Default suite" finished-at="2020-07-23T22:38:31Z" duration-ms="1870033">
    <groups>
    </groups>
    <test started-at="2020-07-23T22:07:21Z" name="Default test" finished-at="2020-07-23T22:38:31Z" duration-ms="1870033">
      <class name="twistBioScience.driverClass">
        <test-method signature="loadCodesIntoHashMap()[pri:0, instance:twistBioScience.driverClass@26e356f0]" started-at="2020-07-23T22:07:21Z" name="loadCodesIntoHashMap" finished-at="2020-07-23T22:07:21Z" duration-ms="13" status="PASS">
          <reporter-output>
          </reporter-output>
        </test-method> <!-- loadCodesIntoHashMap -->
        <test-method signature="convertDNAToAA()[pri:1, instance:twistBioScience.driverClass@26e356f0]" started-at="2020-07-23T22:07:21Z" name="convertDNAToAA" finished-at="2020-07-23T22:07:21Z" duration-ms="80" status="PASS">
          <reporter-output>
          </reporter-output>
        </test-method> <!-- convertDNAToAA -->
        <test-method signature="returnUniqueDNASequence()[pri:2, instance:twistBioScience.driverClass@26e356f0]" started-at="2020-07-23T22:07:21Z" name="returnUniqueDNASequence" finished-at="2020-07-23T22:07:21Z" duration-ms="5" status="PASS">
          <reporter-output>
          </reporter-output>
        </test-method> <!-- returnUniqueDNASequence -->
        <test-method signature="getUniqueSeq()[pri:3, instance:twistBioScience.driverClass@26e356f0]" started-at="2020-07-23T22:07:21Z" name="getUniqueSeq" finished-at="2020-07-23T22:07:22Z" duration-ms="1133" status="PASS">
          <reporter-output>
          </reporter-output>
        </test-method> <!-- getUniqueSeq -->
        <test-method signature="writeToExcelRate()[pri:4, instance:twistBioScience.driverClass@26e356f0]" started-at="2020-07-23T22:07:22Z" name="writeToExcelRate" finished-at="2020-07-23T22:38:31Z" duration-ms="1868714" status="PASS">
          <reporter-output>
          </reporter-output>
        </test-method> <!-- writeToExcelRate -->
      </class> <!-- twistBioScience.driverClass -->
    </test> <!-- Default test -->
  </suite> <!-- Default suite -->
</testng-results>
